2024-09-17 09:57:39,copy,/Sex Education,/Sex Education/Sex Education,success
2024-09-17 09:57:43,copy,/Sex Education/Untitled spreadsheet 1,/Sex Education/Untitled spreadsheet 1/Untitled spreadsheet 1,success
2024-09-17 09:57:47,copy,/Sex Education/Untitled document 1,/Sex Education/Untitled document 1/Untitled document 1,success
2024-09-17 09:57:48,copy,/Is It Cake?,/Is It Cake?/Is It Cake?,success
2024-09-17 09:57:50,copy,/Squid Game,/Squid Game/Squid Game,success
2024-09-17 09:57:51,copy,/Destined with You,/Destined with You/Destined with You,success
2024-09-17 09:57:52,copy,/King the Land,/King the Land/King the Land,success
2024-09-17 09:57:53,copy,/King the Land/Ginny & Georgia,/King the Land/Ginny & Georgia/Ginny & Georgia,success
2024-09-17 09:57:54,copy,/King the Land/Ginny & Georgia/The Great British Baking Show,/King the Land/Ginny & Georgia/The Great British Baking Show/The Great British Baking Show,success
2024-09-17 09:57:59,copy,/King the Land/Ginny & Georgia/The Great British Baking Show/9320488923749823749832,/King the Land/Ginny & Georgia/The Great British Baking Show/9320488923749823749832/9320488923749823749832,success
2024-09-17 09:58:02,copy,/King the Land/Ginny & Georgia/The Great British Baking Show/89328409238490823094823094,/King the Land/Ginny & Georgia/The Great British Baking Show/89328409238490823094823094/89328409238490823094823094,success
2024-09-17 09:58:03,copy,/King the Land/Ginny & Georgia/The Great British Baking Show/8384823423984230423,/King the Land/Ginny & Georgia/The Great British Baking Show/8384823423984230423/8384823423984230423,success
2024-09-17 09:58:04,copy,/King the Land/Ginny & Georgia/The Great British Baking Show/8384823423984230423/873892423804230423423,/King the Land/Ginny & Georgia/The Great British Baking Show/8384823423984230423/873892423804230423423/873892423804230423423,success
2024-09-17 09:58:05,copy,/King the Land/Ginny & Georgia/The Great British Baking Show/8384823423984230423/873892423804230423423/832894293498234723423,/King the Land/Ginny & Georgia/The Great British Baking Show/8384823423984230423/873892423804230423423/832894293498234723423/832894293498234723423,success
2024-09-17 09:58:06,copy,/King the Land/Ginny & Georgia/The Great British Baking Show/8384823423984230423/873892423804230423423/832894293498234723423/892348893249823742390480293423,/King the Land/Ginny & Georgia/The Great British Baking Show/8384823423984230423/873892423804230423423/832894293498234723423/892348893249823742390480293423/892348893249823742390480293423,success
2024-09-17 09:58:07,copy,/King the Land/Ginny & Georgia/The Great British Baking Show/8384823423984230423/873892423804230423423/832894293498234723423/892348893249823742390480293423/7374237984832423,/King the Land/Ginny & Georgia/The Great British Baking Show/8384823423984230423/873892423804230423423/832894293498234723423/892348893249823742390480293423/7374237984832423/7374237984832423,success
2024-09-17 09:58:11,copy,/King the Land/Ginny & Georgia/The Great British Baking Show/8384823423984230423/873892423804230423423/832894293498234723423/892348893249823742390480293423/893248972894328423,/King the Land/Ginny & Georgia/The Great British Baking Show/8384823423984230423/873892423804230423423/832894293498234723423/892348893249823742390480293423/893248972894328423/893248972894328423,success
2024-09-17 09:58:12,copy,/King the Land/Ginny & Georgia/The Great British Baking Show/8384823423984230423/873892423804230423423/832894293498234723423/892348893249823742390480293423/834892749238047437854398840923,/King the Land/Ginny & Georgia/The Great British Baking Show/8384823423984230423/873892423804230423423/832894293498234723423/892348893249823742390480293423/834892749238047437854398840923/834892749238047437854398840923,success
2024-09-17 09:58:12,copy,/King the Land/Ginny & Georgia/The Great British Baking Show/8384823423984230423/873892423804230423423/832894293498234723423/892348893249823742390480293423/834892749238047437854398840923/782472374283482398749374923,/King the Land/Ginny & Georgia/The Great British Baking Show/8384823423984230423/873892423804230423423/832894293498234723423/892348893249823742390480293423/834892749238047437854398840923/782472374283482398749374923/782472374283482398749374923,success
2024-09-17 09:58:13,copy,/King the Land/Ginny & Georgia/The Great British Baking Show/8384823423984230423/873892423804230423423/832894293498234723423/892348893249823742390480293423/834892749238047437854398840923/782472374283482398749374923/784789238402398472394723,/King the Land/Ginny & Georgia/The Great British Baking Show/8384823423984230423/873892423804230423423/832894293498234723423/892348893249823742390480293423/834892749238047437854398840923/782472374283482398749374923/784789238402398472394723/784789238402398472394723,success
2024-09-17 09:58:14,copy,/King the Land/Ginny & Georgia/The Great British Baking Show/8384823423984230423/873892423804230423423/832894293498234723423/892348893249823742390480293423/834892749238047437854398840923/782472374283482398749374923/784789238402398472394723/8728379287438493842,/King the Land/Ginny & Georgia/The Great British Baking Show/8384823423984230423/873892423804230423423/832894293498234723423/892348893249823742390480293423/834892749238047437854398840923/782472374283482398749374923/784789238402398472394723/8728379287438493842/8728379287438493842,success
2024-09-17 09:58:18,copy,/King the Land/Ginny & Georgia/The Great British Baking Show/8384823423984230423/873892423804230423423/832894293498234723423/892348893249823742390480293423/834892749238047437854398840923/782472374283482398749374923/784789238402398472394723/8728379287438493842/8782374892483294823,/King the Land/Ginny & Georgia/The Great British Baking Show/8384823423984230423/873892423804230423423/832894293498234723423/892348893249823742390480293423/834892749238047437854398840923/782472374283482398749374923/784789238402398472394723/8728379287438493842/8782374892483294823/8782374892483294823,success
2024-09-17 09:58:18,copy,/King the Land/Ginny & Georgia/The Great British Baking Show/8384823423984230423/873892423804230423423/832894293498234723423/892348893249823742390480293423/834892749238047437854398840923/782472374283482398749374923/784789238402398472394723/8728379287438493842/834028048230423,/King the Land/Ginny & Georgia/The Great British Baking Show/8384823423984230423/873892423804230423423/832894293498234723423/892348893249823742390480293423/834892749238047437854398840923/782472374283482398749374923/784789238402398472394723/8728379287438493842/834028048230423/834028048230423,success
2024-09-17 09:58:19,copy,/King the Land/Ginny & Georgia/The Great British Baking Show/8384823423984230423/873892423804230423423/832894293498234723423/892348893249823742390480293423/834892749238047437854398840923/782472374283482398749374923/784789238402398472394723/8728379287438493842/834028048230423/84832784284092384923842,/King the Land/Ginny & Georgia/The Great British Baking Show/8384823423984230423/873892423804230423423/832894293498234723423/892348893249823742390480293423/834892749238047437854398840923/782472374283482398749374923/784789238402398472394723/8728379287438493842/834028048230423/84832784284092384923842/84832784284092384923842,success
2024-09-17 09:58:22,copy,/King the Land/Ginny & Georgia/The Great British Baking Show/8384823423984230423/873892423804230423423/832894293498234723423/892348893249823742390480293423/834892749238047437854398840923/782472374283482398749374923/784789238402398472394723/838942938498238423,/King the Land/Ginny & Georgia/The Great British Baking Show/8384823423984230423/873892423804230423423/832894293498234723423/892348893249823742390480293423/834892749238047437854398840923/782472374283482398749374923/784789238402398472394723/838942938498238423/838942938498238423,success
2024-09-17 09:58:26,copy,/King the Land/Ginny & Georgia/The Great British Baking Show/8384823423984230423/873892423804230423423/82842380492304239042390842,/King the Land/Ginny & Georgia/The Great British Baking Show/8384823423984230423/873892423804230423423/82842380492304239042390842/82842380492304239042390842,success
2024-09-17 09:58:29,copy,/King the Land/Ginny & Georgia/The Great British Baking Show/8384823423984230423/873892423804230423423/873894892379483242,/King the Land/Ginny & Georgia/The Great British Baking Show/8384823423984230423/873892423804230423423/873894892379483242/873894892379483242,success
2024-09-17 09:58:30,copy,/King the Land/Ginny & Georgia/The Great British Baking Show/8384823423984230423/8928483748972398432,/King the Land/Ginny & Georgia/The Great British Baking Show/8384823423984230423/8928483748972398432/8928483748972398432,success
2024-09-17 09:58:31,copy,/King the Land/Ginny & Georgia/Glow Up,/King the Land/Ginny & Georgia/Glow Up/Glow Up,success
2024-09-17 09:58:32,copy,/King the Land/Lucifer,/King the Land/Lucifer/Lucifer,success
2024-09-17 09:58:33,copy,/Song of the Bandits,/Song of the Bandits/Song of the Bandits,success
2024-09-17 09:58:33,copy,/Stranger Things,/Stranger Things/Stranger Things,success
2024-09-17 09:58:34,copy,/Wednesday,/Wednesday/Wednesday,success
2024-09-17 09:58:35,copy,/Virgin River,/Virgin River/Virgin River,success
2024-09-17 09:58:39,copy,/Virgin River/Extraordinary Attoney Woo,/Virgin River/Extraordinary Attoney Woo/Extraordinary Attoney Woo,success
2024-09-17 09:58:40,copy,/One Piece,/One Piece/One Piece,success
2024-09-17 09:58:41,copy,/One Piece/Behind Your Touch,/One Piece/Behind Your Touch/Behind Your Touch,success
2024-09-17 09:58:45,copy,/One Piece/Behind Your Touch/Untitled spreadsheet 8390248902384093,/One Piece/Behind Your Touch/Untitled spreadsheet 8390248902384093/Untitled spreadsheet 8390248902384093,success
2024-09-17 09:58:48,copy,/One Piece/Behind Your Touch/Untitled document2425425,/One Piece/Behind Your Touch/Untitled document2425425/Untitled document2425425,success
2024-09-17 09:58:49,copy,/One Piece/Manifest,/One Piece/Manifest/Manifest,success
2024-09-17 09:58:50,copy,/One Piece/Manifest/739492349823984729423,/One Piece/Manifest/739492349823984729423/739492349823984729423,success
2024-09-17 09:58:51,copy,/One Piece/Manifest/739492349823984729423/887839274923042304798237492342,/One Piece/Manifest/739492349823984729423/887839274923042304798237492342/887839274923042304798237492342,success
2024-09-17 09:58:52,copy,/One Piece/Manifest/739492349823984729423/887839274923042304798237492342/87389274982379842397492834,/One Piece/Manifest/739492349823984729423/887839274923042304798237492342/87389274982379842397492834/87389274982379842397492834,success
2024-09-17 09:58:53,copy,/One Piece/Manifest/739492349823984729423/887839274923042304798237492342/87389274982379842397492834/78794723987492374923423,/One Piece/Manifest/739492349823984729423/887839274923042304798237492342/87389274982379842397492834/78794723987492374923423/78794723987492374923423,success
2024-09-17 09:58:54,copy,/One Piece/Manifest/739492349823984729423/887839274923042304798237492342/87389274982379842397492834/78794723987492374923423/73894732984932492347892349823,/One Piece/Manifest/739492349823984729423/887839274923042304798237492342/87389274982379842397492834/78794723987492374923423/73894732984932492347892349823/73894732984932492347892349823,success
2024-09-17 09:58:57,copy,/One Piece/Manifest/739492349823984729423/887839274923042304798237492342/87389274982379842397492834/78794723987492374923423/73894732984932492347892349823/8324972347892492342,/One Piece/Manifest/739492349823984729423/887839274923042304798237492342/87389274982379842397492834/78794723987492374923423/73894732984932492347892349823/8324972347892492342/8324972347892492342,success
2024-09-17 09:59:00,copy,/One Piece/Manifest/739492349823984729423/887839274923042304798237492342/87389274982379842397492834/78794723987492374923423/73894732984932492347892349823/8234982379847239423,/One Piece/Manifest/739492349823984729423/887839274923042304798237492342/87389274982379842397492834/78794723987492374923423/73894732984932492347892349823/8234982379847239423/8234982379847239423,success
2024-09-17 09:59:00,copy,/One Piece/Manifest/739492349823984729423/887839274923042304798237492342/87298347923749239847239423,/One Piece/Manifest/739492349823984729423/887839274923042304798237492342/87298347923749239847239423/87298347923749239847239423,success
2024-09-17 09:59:01,copy,/One Piece/Manifest/739492349823984729423/887839274923042304798237492342/87298347923749239847239423/83848923748973984239423,/One Piece/Manifest/739492349823984729423/887839274923042304798237492342/87298347923749239847239423/83848923748973984239423/83848923748973984239423,success
2024-09-17 09:59:02,copy,/One Piece/Manifest/739492349823984729423/887839274923042304798237492342/87298347923749239847239423/83848923748973984239423/7849827398472394923423,/One Piece/Manifest/739492349823984729423/887839274923042304798237492342/87298347923749239847239423/83848923748973984239423/7849827398472394923423/7849827398472394923423,success
2024-09-17 09:59:03,copy,/One Piece/Manifest/739492349823984729423/887839274923042304798237492342/87893749838493298423,/One Piece/Manifest/739492349823984729423/887839274923042304798237492342/87893749838493298423/87893749838493298423,success
2024-09-17 09:59:04,copy,/One Piece/Manifest/739492349823984729423/887839274923042304798237492342/87893749838493298423/78237489237498723947293,/One Piece/Manifest/739492349823984729423/887839274923042304798237492342/87893749838493298423/78237489237498723947293/78237489237498723947293,success
2024-09-17 09:59:04,copy,/One Piece/Manifest/739492349823984729423/887839274923042304798237492342/87893749838493298423/78237489237498723947293/732894789274982798423,/One Piece/Manifest/739492349823984729423/887839274923042304798237492342/87893749838493298423/78237489237498723947293/732894789274982798423/732894789274982798423,success
2024-09-17 09:59:08,copy,/One Piece/Manifest/739492349823984729423/887839274923042304798237492342/87893749838493298423/78237489237498723947293/732894789274982798423/Untitled document,/One Piece/Manifest/739492349823984729423/887839274923042304798237492342/87893749838493298423/78237489237498723947293/732894789274982798423/Untitled document/Untitled document,success
2024-09-17 09:59:11,copy,/One Piece/Manifest/739492349823984729423/887839274923042304798237492342/87893749838493298423/78237489237498723947293/732894789274982798423/Untitled document,/One Piece/Manifest/739492349823984729423/887839274923042304798237492342/87893749838493298423/78237489237498723947293/732894789274982798423/Untitled document/Untitled document,success
2024-09-17 09:59:12,copy,/One Piece/Manifest/739492349823984729423/887839274923042304798237492342/87893749838493298423/78237489237498723947293/732894789274982798423/834289489234348329423984723,/One Piece/Manifest/739492349823984729423/887839274923042304798237492342/87893749838493298423/78237489237498723947293/732894789274982798423/834289489234348329423984723/834289489234348329423984723,success
2024-09-17 09:59:15,copy,/One Piece/Manifest/739492349823984729423/887839274923042304798237492342/87893749838493298423/78237489237498723947293/732894789274982798423/834289489234348329423984723/Untitled document,/One Piece/Manifest/739492349823984729423/887839274923042304798237492342/87893749838493298423/78237489237498723947293/732894789274982798423/834289489234348329423984723/Untitled document/Untitled document,success
2024-09-17 09:59:19,copy,/One Piece/Manifest/89240247293423492304023,/One Piece/Manifest/89240247293423492304023/89240247293423492304023,success
2024-09-17 09:59:19,copy,/One Piece/Outer Banks,/One Piece/Outer Banks/Outer Banks,success
