2024-09-17 09:20:48,folder,application/vnd.google-apps.folder,/One Piece
2024-09-17 09:20:49,folder,application/vnd.google-apps.folder,/One Piece/Outer Banks
2024-09-17 09:20:49,folder,application/vnd.google-apps.folder,/One Piece/Manifest
2024-09-17 09:20:49,file,application/vnd.google-apps.document,/One Piece/Manifest/89240247293423492304023
2024-09-17 09:20:49,folder,application/vnd.google-apps.folder,/One Piece/Manifest/739492349823984729423
2024-09-17 09:20:49,folder,application/vnd.google-apps.folder,/One Piece/Manifest/739492349823984729423/887839274923042304798237492342
2024-09-17 09:20:50,folder,application/vnd.google-apps.folder,/One Piece/Manifest/739492349823984729423/887839274923042304798237492342/87893749838493298423
2024-09-17 09:20:50,folder,application/vnd.google-apps.folder,/One Piece/Manifest/739492349823984729423/887839274923042304798237492342/87893749838493298423/78237489237498723947293
2024-09-17 09:20:50,folder,application/vnd.google-apps.folder,/One Piece/Manifest/739492349823984729423/887839274923042304798237492342/87893749838493298423/78237489237498723947293/732894789274982798423
2024-09-17 09:20:50,folder,application/vnd.google-apps.folder,/One Piece/Manifest/739492349823984729423/887839274923042304798237492342/87893749838493298423/78237489237498723947293/732894789274982798423/834289489234348329423984723
2024-09-17 09:20:50,file,application/vnd.google-apps.document,/One Piece/Manifest/739492349823984729423/887839274923042304798237492342/87893749838493298423/78237489237498723947293/732894789274982798423/834289489234348329423984723/Untitled document
2024-09-17 09:20:50,file,application/vnd.google-apps.document,/One Piece/Manifest/739492349823984729423/887839274923042304798237492342/87893749838493298423/78237489237498723947293/732894789274982798423/Untitled document
2024-09-17 09:20:50,file,application/vnd.google-apps.document,/One Piece/Manifest/739492349823984729423/887839274923042304798237492342/87893749838493298423/78237489237498723947293/732894789274982798423/Untitled document
2024-09-17 09:20:50,folder,application/vnd.google-apps.folder,/One Piece/Manifest/739492349823984729423/887839274923042304798237492342/87298347923749239847239423
2024-09-17 09:20:50,folder,application/vnd.google-apps.folder,/One Piece/Manifest/739492349823984729423/887839274923042304798237492342/87298347923749239847239423/83848923748973984239423
2024-09-17 09:20:51,folder,application/vnd.google-apps.folder,/One Piece/Manifest/739492349823984729423/887839274923042304798237492342/87298347923749239847239423/83848923748973984239423/7849827398472394923423
2024-09-17 09:20:51,folder,application/vnd.google-apps.folder,/One Piece/Manifest/739492349823984729423/887839274923042304798237492342/87389274982379842397492834
2024-09-17 09:20:51,folder,application/vnd.google-apps.folder,/One Piece/Manifest/739492349823984729423/887839274923042304798237492342/87389274982379842397492834/78794723987492374923423
2024-09-17 09:20:51,folder,application/vnd.google-apps.folder,/One Piece/Manifest/739492349823984729423/887839274923042304798237492342/87389274982379842397492834/78794723987492374923423/73894732984932492347892349823
2024-09-17 09:20:52,file,application/vnd.google-apps.document,/One Piece/Manifest/739492349823984729423/887839274923042304798237492342/87389274982379842397492834/78794723987492374923423/73894732984932492347892349823/8234982379847239423
2024-09-17 09:20:52,file,application/vnd.google-apps.document,/One Piece/Manifest/739492349823984729423/887839274923042304798237492342/87389274982379842397492834/78794723987492374923423/73894732984932492347892349823/8324972347892492342
2024-09-17 09:20:52,folder,application/vnd.google-apps.folder,/One Piece/Behind Your Touch
2024-09-17 09:20:52,file,application/vnd.google-apps.document,/One Piece/Behind Your Touch/Untitled document2425425
2024-09-17 09:20:52,file,application/vnd.google-apps.spreadsheet,/One Piece/Behind Your Touch/Untitled spreadsheet 8390248902384093
2024-09-17 09:20:52,folder,application/vnd.google-apps.folder,/Virgin River
2024-09-17 09:20:52,file,application/vnd.google-apps.document,/Virgin River/Extraordinary Attoney Woo
2024-09-17 09:20:52,folder,application/vnd.google-apps.folder,/Wednesday
2024-09-17 09:20:52,folder,application/vnd.google-apps.folder,/Stranger Things
2024-09-17 09:20:53,folder,application/vnd.google-apps.folder,/Song of the Bandits
2024-09-17 09:20:53,folder,application/vnd.google-apps.folder,/King the Land
2024-09-17 09:20:53,folder,application/vnd.google-apps.folder,/King the Land/Lucifer
2024-09-17 09:20:53,folder,application/vnd.google-apps.folder,/King the Land/Ginny & Georgia
2024-09-17 09:20:55,folder,application/vnd.google-apps.folder,/King the Land/Ginny & Georgia/Glow Up
2024-09-17 09:20:55,folder,application/vnd.google-apps.folder,/King the Land/Ginny & Georgia/The Great British Baking Show
2024-09-17 09:20:55,folder,application/vnd.google-apps.folder,/King the Land/Ginny & Georgia/The Great British Baking Show/8384823423984230423
2024-09-17 09:20:56,folder,application/vnd.google-apps.folder,/King the Land/Ginny & Georgia/The Great British Baking Show/8384823423984230423/8928483748972398432
2024-09-17 09:20:56,folder,application/vnd.google-apps.folder,/King the Land/Ginny & Georgia/The Great British Baking Show/8384823423984230423/873892423804230423423
2024-09-17 09:20:56,file,application/vnd.google-apps.document,/King the Land/Ginny & Georgia/The Great British Baking Show/8384823423984230423/873892423804230423423/873894892379483242
2024-09-17 09:20:56,file,application/vnd.google-apps.spreadsheet,/King the Land/Ginny & Georgia/The Great British Baking Show/8384823423984230423/873892423804230423423/82842380492304239042390842
2024-09-17 09:20:56,folder,application/vnd.google-apps.folder,/King the Land/Ginny & Georgia/The Great British Baking Show/8384823423984230423/873892423804230423423/832894293498234723423
2024-09-17 09:20:56,folder,application/vnd.google-apps.folder,/King the Land/Ginny & Georgia/The Great British Baking Show/8384823423984230423/873892423804230423423/832894293498234723423/892348893249823742390480293423
2024-09-17 09:20:57,folder,application/vnd.google-apps.folder,/King the Land/Ginny & Georgia/The Great British Baking Show/8384823423984230423/873892423804230423423/832894293498234723423/892348893249823742390480293423/834892749238047437854398840923
2024-09-17 09:20:57,folder,application/vnd.google-apps.folder,/King the Land/Ginny & Georgia/The Great British Baking Show/8384823423984230423/873892423804230423423/832894293498234723423/892348893249823742390480293423/834892749238047437854398840923/782472374283482398749374923
2024-09-17 09:20:57,folder,application/vnd.google-apps.folder,/King the Land/Ginny & Georgia/The Great British Baking Show/8384823423984230423/873892423804230423423/832894293498234723423/892348893249823742390480293423/834892749238047437854398840923/782472374283482398749374923/784789238402398472394723
2024-09-17 09:20:57,file,application/vnd.google-apps.document,/King the Land/Ginny & Georgia/The Great British Baking Show/8384823423984230423/873892423804230423423/832894293498234723423/892348893249823742390480293423/834892749238047437854398840923/782472374283482398749374923/784789238402398472394723/838942938498238423
2024-09-17 09:20:57,folder,application/vnd.google-apps.folder,/King the Land/Ginny & Georgia/The Great British Baking Show/8384823423984230423/873892423804230423423/832894293498234723423/892348893249823742390480293423/834892749238047437854398840923/782472374283482398749374923/784789238402398472394723/8728379287438493842
2024-09-17 09:20:58,folder,application/vnd.google-apps.folder,/King the Land/Ginny & Georgia/The Great British Baking Show/8384823423984230423/873892423804230423423/832894293498234723423/892348893249823742390480293423/834892749238047437854398840923/782472374283482398749374923/784789238402398472394723/8728379287438493842/834028048230423
2024-09-17 09:20:58,folder,application/vnd.google-apps.folder,/King the Land/Ginny & Georgia/The Great British Baking Show/8384823423984230423/873892423804230423423/832894293498234723423/892348893249823742390480293423/834892749238047437854398840923/782472374283482398749374923/784789238402398472394723/8728379287438493842/834028048230423/84832784284092384923842
2024-09-17 09:20:58,file,application/vnd.google-apps.document,/King the Land/Ginny & Georgia/The Great British Baking Show/8384823423984230423/873892423804230423423/832894293498234723423/892348893249823742390480293423/834892749238047437854398840923/782472374283482398749374923/784789238402398472394723/8728379287438493842/8782374892483294823
2024-09-17 09:20:58,file,application/vnd.google-apps.document,/King the Land/Ginny & Georgia/The Great British Baking Show/8384823423984230423/873892423804230423423/832894293498234723423/892348893249823742390480293423/893248972894328423
2024-09-17 09:20:58,folder,application/vnd.google-apps.folder,/King the Land/Ginny & Georgia/The Great British Baking Show/8384823423984230423/873892423804230423423/832894293498234723423/892348893249823742390480293423/7374237984832423
2024-09-17 09:21:00,file,application/vnd.google-apps.document,/King the Land/Ginny & Georgia/The Great British Baking Show/89328409238490823094823094
2024-09-17 09:21:00,file,application/vnd.google-apps.spreadsheet,/King the Land/Ginny & Georgia/The Great British Baking Show/9320488923749823749832
2024-09-17 09:21:00,folder,application/vnd.google-apps.folder,/Destined with You
2024-09-17 09:21:00,folder,application/vnd.google-apps.folder,/Squid Game
2024-09-17 09:21:00,folder,application/vnd.google-apps.folder,/Is It Cake?
2024-09-17 09:21:01,folder,application/vnd.google-apps.folder,/Sex Education
2024-09-17 09:21:01,file,application/vnd.google-apps.document,/Sex Education/Untitled document 1
2024-09-17 09:21:01,file,application/vnd.google-apps.spreadsheet,/Sex Education/Untitled spreadsheet 1
2024-09-17 09:21:01,folder,application/vnd.google-apps.folder,/One Piece
2024-09-17 09:21:01,folder,application/vnd.google-apps.folder,/One Piece/Outer Banks
2024-09-17 09:21:01,folder,application/vnd.google-apps.folder,/One Piece/Manifest
2024-09-17 09:21:01,file,application/vnd.google-apps.document,/One Piece/Manifest/89240247293423492304023
2024-09-17 09:21:01,folder,application/vnd.google-apps.folder,/One Piece/Manifest/739492349823984729423
2024-09-17 09:21:01,folder,application/vnd.google-apps.folder,/One Piece/Manifest/739492349823984729423/887839274923042304798237492342
2024-09-17 09:21:02,folder,application/vnd.google-apps.folder,/One Piece/Manifest/739492349823984729423/887839274923042304798237492342/87893749838493298423
2024-09-17 09:21:04,folder,application/vnd.google-apps.folder,/One Piece/Manifest/739492349823984729423/887839274923042304798237492342/87893749838493298423/78237489237498723947293
2024-09-17 09:21:04,folder,application/vnd.google-apps.folder,/One Piece/Manifest/739492349823984729423/887839274923042304798237492342/87893749838493298423/78237489237498723947293/732894789274982798423
2024-09-17 09:21:04,folder,application/vnd.google-apps.folder,/One Piece/Manifest/739492349823984729423/887839274923042304798237492342/87893749838493298423/78237489237498723947293/732894789274982798423/834289489234348329423984723
2024-09-17 09:21:04,file,application/vnd.google-apps.document,/One Piece/Manifest/739492349823984729423/887839274923042304798237492342/87893749838493298423/78237489237498723947293/732894789274982798423/834289489234348329423984723/Untitled document
2024-09-17 09:21:04,file,application/vnd.google-apps.document,/One Piece/Manifest/739492349823984729423/887839274923042304798237492342/87893749838493298423/78237489237498723947293/732894789274982798423/Untitled document
2024-09-17 09:21:04,file,application/vnd.google-apps.document,/One Piece/Manifest/739492349823984729423/887839274923042304798237492342/87893749838493298423/78237489237498723947293/732894789274982798423/Untitled document
2024-09-17 09:21:04,folder,application/vnd.google-apps.folder,/One Piece/Manifest/739492349823984729423/887839274923042304798237492342/87298347923749239847239423
2024-09-17 09:21:04,folder,application/vnd.google-apps.folder,/One Piece/Manifest/739492349823984729423/887839274923042304798237492342/87298347923749239847239423/83848923748973984239423
2024-09-17 09:21:05,folder,application/vnd.google-apps.folder,/One Piece/Manifest/739492349823984729423/887839274923042304798237492342/87298347923749239847239423/83848923748973984239423/7849827398472394923423
2024-09-17 09:21:05,folder,application/vnd.google-apps.folder,/One Piece/Manifest/739492349823984729423/887839274923042304798237492342/87389274982379842397492834
2024-09-17 09:21:06,folder,application/vnd.google-apps.folder,/One Piece/Manifest/739492349823984729423/887839274923042304798237492342/87389274982379842397492834/78794723987492374923423
2024-09-17 09:21:06,folder,application/vnd.google-apps.folder,/One Piece/Manifest/739492349823984729423/887839274923042304798237492342/87389274982379842397492834/78794723987492374923423/73894732984932492347892349823
2024-09-17 09:21:06,file,application/vnd.google-apps.document,/One Piece/Manifest/739492349823984729423/887839274923042304798237492342/87389274982379842397492834/78794723987492374923423/73894732984932492347892349823/8234982379847239423
2024-09-17 09:21:06,file,application/vnd.google-apps.document,/One Piece/Manifest/739492349823984729423/887839274923042304798237492342/87389274982379842397492834/78794723987492374923423/73894732984932492347892349823/8324972347892492342
2024-09-17 09:21:06,folder,application/vnd.google-apps.folder,/One Piece/Behind Your Touch
2024-09-17 09:21:06,file,application/vnd.google-apps.document,/One Piece/Behind Your Touch/Untitled document2425425
2024-09-17 09:21:06,file,application/vnd.google-apps.spreadsheet,/One Piece/Behind Your Touch/Untitled spreadsheet 8390248902384093
2024-09-17 09:21:06,folder,application/vnd.google-apps.folder,/Virgin River
2024-09-17 09:21:07,file,application/vnd.google-apps.document,/Virgin River/Extraordinary Attoney Woo
2024-09-17 09:21:07,folder,application/vnd.google-apps.folder,/Wednesday
2024-09-17 09:21:07,folder,application/vnd.google-apps.folder,/Stranger Things
2024-09-17 09:21:07,folder,application/vnd.google-apps.folder,/Song of the Bandits
2024-09-17 09:21:07,folder,application/vnd.google-apps.folder,/King the Land
2024-09-17 09:21:07,folder,application/vnd.google-apps.folder,/King the Land/Lucifer
2024-09-17 09:21:08,folder,application/vnd.google-apps.folder,/King the Land/Ginny & Georgia
2024-09-17 09:21:08,folder,application/vnd.google-apps.folder,/King the Land/Ginny & Georgia/Glow Up
2024-09-17 09:21:08,folder,application/vnd.google-apps.folder,/King the Land/Ginny & Georgia/The Great British Baking Show
2024-09-17 09:21:08,folder,application/vnd.google-apps.folder,/King the Land/Ginny & Georgia/The Great British Baking Show/8384823423984230423
2024-09-17 09:21:09,folder,application/vnd.google-apps.folder,/King the Land/Ginny & Georgia/The Great British Baking Show/8384823423984230423/8928483748972398432
2024-09-17 09:21:09,folder,application/vnd.google-apps.folder,/King the Land/Ginny & Georgia/The Great British Baking Show/8384823423984230423/873892423804230423423
2024-09-17 09:21:09,file,application/vnd.google-apps.document,/King the Land/Ginny & Georgia/The Great British Baking Show/8384823423984230423/873892423804230423423/873894892379483242
2024-09-17 09:21:09,file,application/vnd.google-apps.spreadsheet,/King the Land/Ginny & Georgia/The Great British Baking Show/8384823423984230423/873892423804230423423/82842380492304239042390842
2024-09-17 09:21:09,folder,application/vnd.google-apps.folder,/King the Land/Ginny & Georgia/The Great British Baking Show/8384823423984230423/873892423804230423423/832894293498234723423
2024-09-17 09:21:09,folder,application/vnd.google-apps.folder,/King the Land/Ginny & Georgia/The Great British Baking Show/8384823423984230423/873892423804230423423/832894293498234723423/892348893249823742390480293423
2024-09-17 09:21:10,folder,application/vnd.google-apps.folder,/King the Land/Ginny & Georgia/The Great British Baking Show/8384823423984230423/873892423804230423423/832894293498234723423/892348893249823742390480293423/834892749238047437854398840923
2024-09-17 09:21:10,folder,application/vnd.google-apps.folder,/King the Land/Ginny & Georgia/The Great British Baking Show/8384823423984230423/873892423804230423423/832894293498234723423/892348893249823742390480293423/834892749238047437854398840923/782472374283482398749374923
2024-09-17 09:21:10,folder,application/vnd.google-apps.folder,/King the Land/Ginny & Georgia/The Great British Baking Show/8384823423984230423/873892423804230423423/832894293498234723423/892348893249823742390480293423/834892749238047437854398840923/782472374283482398749374923/784789238402398472394723
2024-09-17 09:21:10,file,application/vnd.google-apps.document,/King the Land/Ginny & Georgia/The Great British Baking Show/8384823423984230423/873892423804230423423/832894293498234723423/892348893249823742390480293423/834892749238047437854398840923/782472374283482398749374923/784789238402398472394723/838942938498238423
2024-09-17 09:21:10,folder,application/vnd.google-apps.folder,/King the Land/Ginny & Georgia/The Great British Baking Show/8384823423984230423/873892423804230423423/832894293498234723423/892348893249823742390480293423/834892749238047437854398840923/782472374283482398749374923/784789238402398472394723/8728379287438493842
2024-09-17 09:21:11,folder,application/vnd.google-apps.folder,/King the Land/Ginny & Georgia/The Great British Baking Show/8384823423984230423/873892423804230423423/832894293498234723423/892348893249823742390480293423/834892749238047437854398840923/782472374283482398749374923/784789238402398472394723/8728379287438493842/834028048230423
2024-09-17 09:21:11,folder,application/vnd.google-apps.folder,/King the Land/Ginny & Georgia/The Great British Baking Show/8384823423984230423/873892423804230423423/832894293498234723423/892348893249823742390480293423/834892749238047437854398840923/782472374283482398749374923/784789238402398472394723/8728379287438493842/834028048230423/84832784284092384923842
2024-09-17 09:21:11,file,application/vnd.google-apps.document,/King the Land/Ginny & Georgia/The Great British Baking Show/8384823423984230423/873892423804230423423/832894293498234723423/892348893249823742390480293423/834892749238047437854398840923/782472374283482398749374923/784789238402398472394723/8728379287438493842/8782374892483294823
2024-09-17 09:21:11,file,application/vnd.google-apps.document,/King the Land/Ginny & Georgia/The Great British Baking Show/8384823423984230423/873892423804230423423/832894293498234723423/892348893249823742390480293423/893248972894328423
2024-09-17 09:21:11,folder,application/vnd.google-apps.folder,/King the Land/Ginny & Georgia/The Great British Baking Show/8384823423984230423/873892423804230423423/832894293498234723423/892348893249823742390480293423/7374237984832423
2024-09-17 09:21:11,file,application/vnd.google-apps.document,/King the Land/Ginny & Georgia/The Great British Baking Show/89328409238490823094823094
2024-09-17 09:21:11,file,application/vnd.google-apps.spreadsheet,/King the Land/Ginny & Georgia/The Great British Baking Show/9320488923749823749832
2024-09-17 09:21:11,folder,application/vnd.google-apps.folder,/Destined with You
2024-09-17 09:21:11,folder,application/vnd.google-apps.folder,/Squid Game
2024-09-17 09:21:12,folder,application/vnd.google-apps.folder,/Is It Cake?
2024-09-17 09:21:12,folder,application/vnd.google-apps.folder,/Sex Education
2024-09-17 09:21:12,file,application/vnd.google-apps.document,/Sex Education/Untitled document 1
2024-09-17 09:21:12,file,application/vnd.google-apps.spreadsheet,/Sex Education/Untitled spreadsheet 1
